20:02:50: Creating resource group General
20:02:50: Creating resource group Internal
20:02:50: Creating resource group Autodetect
20:02:50: SceneManagerFactory for type 'DefaultSceneManager' registered.
20:02:50: Registering ResourceManager for type Material
20:02:50: Registering ResourceManager for type Mesh
20:02:50: Registering ResourceManager for type Skeleton
20:02:50: MovableObjectFactory for type 'ParticleSystem' registered.
20:02:50: ArchiveFactory for archive type FileSystem registered.
20:02:50: ArchiveFactory for archive type Zip registered.
20:02:50: ArchiveFactory for archive type EmbeddedZip registered.
20:02:50: DDS codec registering
20:02:50: FreeImage version: 3.18.0
20:02:50: This program uses FreeImage, a free, open source image library supporting all common bitmap formats. See http://freeimage.sourceforge.net for details
20:02:50: Supported formats: bmp,ico,jpg,jif,jpeg,jpe,jng,koa,iff,lbm,mng,pbm,pbm,pcd,pcx,pgm,pgm,png,ppm,ppm,ras,tga,targa,tif,tiff,wap,wbmp,wbm,psd,psb,cut,xbm,xpm,gif,hdr,g3,sgi,rgb,rgba,bw,exr,j2k,j2c,jp2,pfm,pct,pict,pic,3fr,arw,bay,bmq,cap,cine,cr2,crw,cs1,dc2,dcr,drf,dsc,dng,erf,fff,ia,iiq,k25,kc2,kdc,mdc,mef,mos,mrw,nef,nrw,orf,pef,ptx,pxn,qtk,raf,raw,rdc,rw2,rwl,rwz,sr2,srf,srw,sti,x3f,webp,jxr,wdp,hdp
20:02:50: PVRTC codec registering
20:02:50: ETC codec registering
20:02:50: Registering ResourceManager for type HighLevelGpuProgram
20:02:50: Registering ResourceManager for type Compositor
20:02:50: MovableObjectFactory for type 'Entity' registered.
20:02:50: MovableObjectFactory for type 'Light' registered.
20:02:50: MovableObjectFactory for type 'BillboardSet' registered.
20:02:50: MovableObjectFactory for type 'ManualObject' registered.
20:02:50: MovableObjectFactory for type 'BillboardChain' registered.
20:02:50: MovableObjectFactory for type 'RibbonTrail' registered.
20:02:50: *-*-* OGRE Initialising
20:02:50: *-*-* Version 1.9.0 (Ghadamon)
20:02:50: OverlayElementFactory for type Panel registered.
20:02:50: OverlayElementFactory for type BorderPanel registered.
20:02:50: OverlayElementFactory for type TextArea registered.
20:02:50: Registering ResourceManager for type Font
20:02:50: Loading library /usr/lib/x86_64-linux-gnu/OGRE-1.9.0/RenderSystem_GL.so
20:02:50: Installing plugin: GL RenderSystem
20:02:50: OpenGL Rendering Subsystem created.
20:02:50: Plugin successfully installed
20:02:50: Loading library /usr/lib/x86_64-linux-gnu/OGRE-1.9.0/Plugin_ParticleFX.so
20:02:50: Installing plugin: ParticleFX
20:02:50: Particle Emitter Type 'Point' registered
20:02:50: Particle Emitter Type 'Box' registered
20:02:50: Particle Emitter Type 'Ellipsoid' registered
20:02:50: Particle Emitter Type 'Cylinder' registered
20:02:50: Particle Emitter Type 'Ring' registered
20:02:50: Particle Emitter Type 'HollowEllipsoid' registered
20:02:50: Particle Affector Type 'LinearForce' registered
20:02:50: Particle Affector Type 'ColourFader' registered
20:02:50: Particle Affector Type 'ColourFader2' registered
20:02:50: Particle Affector Type 'ColourImage' registered
20:02:50: Particle Affector Type 'ColourInterpolator' registered
20:02:50: Particle Affector Type 'Scaler' registered
20:02:50: Particle Affector Type 'Rotator' registered
20:02:50: Particle Affector Type 'DirectionRandomiser' registered
20:02:50: Particle Affector Type 'DeflectorPlane' registered
20:02:50: Plugin successfully installed
20:02:50: Loading library /usr/lib/x86_64-linux-gnu/OGRE-1.9.0/Plugin_BSPSceneManager.so
20:02:50: Installing plugin: BSP Scene Manager
20:02:50: Plugin successfully installed
20:02:50: Loading library /usr/lib/x86_64-linux-gnu/OGRE-1.9.0/Plugin_OctreeSceneManager.so
20:02:50: Installing plugin: Octree Scene Manager
20:02:50: Plugin successfully installed
20:02:50: CPU Identifier & Features
20:02:50: -------------------------
20:02:50:  *   CPU ID: GenuineIntel: Intel(R) Core(TM) i9-9880H CPU @ 2.30GHz
20:02:50:  *      SSE: yes
20:02:50:  *     SSE2: yes
20:02:50:  *     SSE3: yes
20:02:50:  *      MMX: yes
20:02:50:  *   MMXEXT: yes
20:02:50:  *    3DNOW: no
20:02:50:  * 3DNOWEXT: no
20:02:50:  *     CMOV: yes
20:02:50:  *      TSC: yes
20:02:50:  *      FPU: yes
20:02:50:  *      PRO: yes
20:02:50:  *       HT: no
20:02:50: -------------------------
20:02:50: ******************************
*** Starting GLX Subsystem ***
******************************
20:02:50: Registering ResourceManager for type Texture
20:02:50: Added resource location '/usr/share/gazebo-11/' of type 'FileSystem' to resource group 'General'
20:02:50: Added resource location '/usr/share/gazebo-11/media' of type 'FileSystem' to resource group 'General'
20:02:50: Creating resource group SkyX
20:02:50: Added resource location '/usr/share/gazebo-11/media/skyx' of type 'FileSystem' to resource group 'SkyX'
20:02:50: Added resource location '/usr/share/gazebo-11/media/rtshaderlib150' of type 'FileSystem' to resource group 'General'
20:02:50: Added resource location '/usr/share/gazebo-11/media/rtshaderlib' of type 'FileSystem' to resource group 'General'
20:02:50: Added resource location '/usr/share/gazebo-11/media/materials/programs' of type 'FileSystem' to resource group 'General'
20:02:50: Added resource location '/usr/share/gazebo-11/media/materials/scripts' of type 'FileSystem' to resource group 'General'
20:02:50: Added resource location '/usr/share/gazebo-11/media/materials/textures' of type 'FileSystem' to resource group 'General'
20:02:50: Added resource location '/usr/share/gazebo-11/media/media/models' of type 'FileSystem' to resource group 'General'
20:02:50: Creating resource group Fonts
20:02:50: Added resource location '/usr/share/gazebo-11/media/fonts' of type 'FileSystem' to resource group 'Fonts'
20:02:50: Creating resource group LookNFeel
20:02:50: Added resource location '/usr/share/gazebo-11/media/gui/looknfeel' of type 'FileSystem' to resource group 'LookNFeel'
20:02:50: Creating resource group Schemes
20:02:50: Added resource location '/usr/share/gazebo-11/media/gui/schemes' of type 'FileSystem' to resource group 'Schemes'
20:02:50: Creating resource group Imagesets
20:02:50: Added resource location '/usr/share/gazebo-11/media/gui/imagesets' of type 'FileSystem' to resource group 'Imagesets'
20:02:50: Added resource location '/usr/share/gazebo-11/media/gui/fonts' of type 'FileSystem' to resource group 'Fonts'
20:02:50: Creating resource group Layouts
20:02:50: Added resource location '/usr/share/gazebo-11/media/gui/layouts' of type 'FileSystem' to resource group 'Layouts'
20:02:50: Creating resource group Animations
20:02:50: Added resource location '/usr/share/gazebo-11/media/gui/animations' of type 'FileSystem' to resource group 'Animations'
20:02:50: Added resource location '/opt/ros/noetic/share/gazebo_plugins/' of type 'FileSystem' to resource group 'General'
20:02:50: Added resource location '/opt/ros/noetic/share/gazebo_plugins/media' of type 'FileSystem' to resource group 'General'
20:02:50: Added resource location '/opt/ros/noetic/share/gazebo_plugins/media/skyx' of type 'FileSystem' to resource group 'SkyX'
20:02:50: Added resource location '/opt/ros/noetic/share/gazebo_plugins/media/rtshaderlib150' of type 'FileSystem' to resource group 'General'
20:02:50: Added resource location '/opt/ros/noetic/share/gazebo_plugins/media/rtshaderlib' of type 'FileSystem' to resource group 'General'
20:02:50: Added resource location '/opt/ros/noetic/share/gazebo_plugins/media/materials/programs' of type 'FileSystem' to resource group 'General'
20:02:50: Added resource location '/opt/ros/noetic/share/gazebo_plugins/media/materials/scripts' of type 'FileSystem' to resource group 'General'
20:02:50: Added resource location '/opt/ros/noetic/share/gazebo_plugins/media/materials/textures' of type 'FileSystem' to resource group 'General'
20:02:50: Added resource location '/opt/ros/noetic/share/gazebo_plugins/media/media/models' of type 'FileSystem' to resource group 'General'
20:02:50: Added resource location '/opt/ros/noetic/share/gazebo_plugins/media/fonts' of type 'FileSystem' to resource group 'Fonts'
20:02:50: Added resource location '/opt/ros/noetic/share/gazebo_plugins/media/gui/looknfeel' of type 'FileSystem' to resource group 'LookNFeel'
20:02:50: Added resource location '/opt/ros/noetic/share/gazebo_plugins/media/gui/schemes' of type 'FileSystem' to resource group 'Schemes'
20:02:50: Added resource location '/opt/ros/noetic/share/gazebo_plugins/media/gui/imagesets' of type 'FileSystem' to resource group 'Imagesets'
20:02:50: Added resource location '/opt/ros/noetic/share/gazebo_plugins/media/gui/fonts' of type 'FileSystem' to resource group 'Fonts'
20:02:50: Added resource location '/opt/ros/noetic/share/gazebo_plugins/media/gui/layouts' of type 'FileSystem' to resource group 'Layouts'
20:02:50: Added resource location '/opt/ros/noetic/share/gazebo_plugins/media/gui/animations' of type 'FileSystem' to resource group 'Animations'
20:02:50: Added resource location '/home/hassanwaris/catkin_ws/src/turtlebot3_simulations/turtlebot3_gazebo/' of type 'FileSystem' to resource group 'General'
20:02:50: Added resource location '/home/hassanwaris/catkin_ws/src/turtlebot3_simulations/turtlebot3_gazebo/media' of type 'FileSystem' to resource group 'General'
20:02:50: Added resource location '/home/hassanwaris/catkin_ws/src/turtlebot3_simulations/turtlebot3_gazebo/media/skyx' of type 'FileSystem' to resource group 'SkyX'
20:02:50: Added resource location '/home/hassanwaris/catkin_ws/src/turtlebot3_simulations/turtlebot3_gazebo/media/rtshaderlib150' of type 'FileSystem' to resource group 'General'
20:02:50: Added resource location '/home/hassanwaris/catkin_ws/src/turtlebot3_simulations/turtlebot3_gazebo/media/rtshaderlib' of type 'FileSystem' to resource group 'General'
20:02:50: Added resource location '/home/hassanwaris/catkin_ws/src/turtlebot3_simulations/turtlebot3_gazebo/media/materials/programs' of type 'FileSystem' to resource group 'General'
20:02:50: Added resource location '/home/hassanwaris/catkin_ws/src/turtlebot3_simulations/turtlebot3_gazebo/media/materials/scripts' of type 'FileSystem' to resource group 'General'
20:02:50: Added resource location '/home/hassanwaris/catkin_ws/src/turtlebot3_simulations/turtlebot3_gazebo/media/materials/textures' of type 'FileSystem' to resource group 'General'
20:02:50: Added resource location '/home/hassanwaris/catkin_ws/src/turtlebot3_simulations/turtlebot3_gazebo/media/media/models' of type 'FileSystem' to resource group 'General'
20:02:50: Added resource location '/home/hassanwaris/catkin_ws/src/turtlebot3_simulations/turtlebot3_gazebo/media/fonts' of type 'FileSystem' to resource group 'Fonts'
20:02:50: Added resource location '/home/hassanwaris/catkin_ws/src/turtlebot3_simulations/turtlebot3_gazebo/media/gui/looknfeel' of type 'FileSystem' to resource group 'LookNFeel'
20:02:50: Added resource location '/home/hassanwaris/catkin_ws/src/turtlebot3_simulations/turtlebot3_gazebo/media/gui/schemes' of type 'FileSystem' to resource group 'Schemes'
20:02:50: Added resource location '/home/hassanwaris/catkin_ws/src/turtlebot3_simulations/turtlebot3_gazebo/media/gui/imagesets' of type 'FileSystem' to resource group 'Imagesets'
20:02:50: Added resource location '/home/hassanwaris/catkin_ws/src/turtlebot3_simulations/turtlebot3_gazebo/media/gui/fonts' of type 'FileSystem' to resource group 'Fonts'
20:02:50: Added resource location '/home/hassanwaris/catkin_ws/src/turtlebot3_simulations/turtlebot3_gazebo/media/gui/layouts' of type 'FileSystem' to resource group 'Layouts'
20:02:50: Added resource location '/home/hassanwaris/catkin_ws/src/turtlebot3_simulations/turtlebot3_gazebo/media/gui/animations' of type 'FileSystem' to resource group 'Animations'
20:02:50: GLRenderSystem::_createRenderWindow "OgreWindow(0)", 1x1 windowed  miscParams: FSAA=4 border=none contentScalingFactor=1.000000 macAPI=cocoa macAPICocoaUseNSView=true parentWindowHandle=31457281 stereoMode=Frame Sequential 
20:02:50: GLXWindow::create used FBConfigID = 737
20:02:50: GL_VERSION = 3.1 Mesa 21.2.6
20:02:50: GL_VENDOR = Mesa/X.org
20:02:50: GL_RENDERER = virgl (AMD Radeon Pro 5500M OpenGL Engine (Compat))
20:02:50: GL_EXTENSIONS = GL_ARB_multisample GL_EXT_abgr GL_EXT_bgra GL_EXT_blend_color GL_EXT_blend_minmax GL_EXT_blend_subtract GL_EXT_copy_texture GL_EXT_subtexture GL_EXT_texture_object GL_EXT_vertex_array GL_EXT_compiled_vertex_array GL_EXT_texture GL_EXT_texture3D GL_IBM_rasterpos_clip GL_ARB_point_parameters GL_EXT_draw_range_elements GL_EXT_packed_pixels GL_EXT_point_parameters GL_EXT_rescale_normal GL_EXT_separate_specular_color GL_EXT_texture_edge_clamp GL_SGIS_generate_mipmap GL_SGIS_texture_border_clamp GL_SGIS_texture_edge_clamp GL_SGIS_texture_lod GL_ARB_framebuffer_sRGB GL_ARB_multitexture GL_EXT_framebuffer_sRGB GL_IBM_multimode_draw_arrays GL_IBM_texture_mirrored_repeat GL_ARB_texture_cube_map GL_ARB_texture_env_add GL_ARB_transpose_matrix GL_EXT_blend_func_separate GL_EXT_fog_coord GL_EXT_multi_draw_arrays GL_EXT_secondary_color GL_EXT_texture_env_add GL_EXT_texture_lod_bias GL_INGR_blend_func_separate GL_NV_blend_square GL_NV_light_max_exponent GL_NV_texgen_reflection GL_NV_texture_env_combine4 GL_S3_s3tc GL_SUN_multi_draw_arrays GL_ARB_texture_border_clamp GL_ARB_texture_compression GL_EXT_framebuffer_object GL_EXT_texture_compression_s3tc GL_EXT_texture_env_combine GL_EXT_texture_env_dot3 GL_MESA_window_pos GL_NV_packed_depth_stencil GL_NV_texture_rectangle GL_ARB_depth_texture GL_ARB_occlusion_query GL_ARB_shadow GL_ARB_texture_env_combine GL_ARB_texture_env_crossbar GL_ARB_texture_env_dot3 GL_ARB_texture_mirrored_repeat GL_ARB_window_pos GL_ATI_fragment_shader GL_EXT_stencil_two_side GL_EXT_texture_cube_map GL_NV_depth_clamp GL_NV_fog_distance GL_NV_half_float GL_APPLE_packed_pixels GL_ARB_draw_buffers GL_ARB_fragment_program GL_ARB_fragment_shader GL_ARB_shader_objects GL_ARB_vertex_program GL_ARB_vertex_shader GL_ATI_draw_buffers GL_ATI_texture_env_combine3 GL_ATI_texture_float GL_EXT_shadow_funcs GL_EXT_stencil_wrap GL_MESA_pack_invert GL_NV_primitive_restart GL_ARB_depth_clamp GL_ARB_fragment_program_shadow GL_ARB_half_float_pixel GL_ARB_occlusion_query2 GL_ARB_point_sprite GL_ARB_shading_language_100 GL_ARB_sync GL_ARB_texture_non_power_of_two GL_ARB_vertex_buffer_object GL_ATI_blend_equation_separate GL_EXT_blend_equation_separate GL_OES_read_format GL_ARB_color_buffer_float GL_ARB_pixel_buffer_object GL_ARB_texture_compression_rgtc GL_ARB_texture_float GL_ARB_texture_rectangle GL_EXT_packed_float GL_EXT_pixel_buffer_object GL_EXT_texture_compression_dxt1 GL_EXT_texture_compression_rgtc GL_EXT_texture_mirror_clamp GL_EXT_texture_rectangle GL_EXT_texture_sRGB GL_EXT_texture_shared_exponent GL_ARB_framebuffer_object GL_EXT_framebuffer_blit GL_EXT_framebuffer_multisample GL_EXT_packed_depth_stencil GL_ARB_vertex_array_object GL_ATI_separate_stencil GL_ATI_texture_mirror_once GL_EXT_draw_buffers2 GL_EXT_draw_instanced GL_EXT_gpu_program_parameters GL_EXT_gpu_shader4 GL_EXT_texture_array GL_EXT_texture_integer GL_EXT_texture_sRGB_decode GL_EXT_timer_query GL_OES_EGL_image GL_EXT_texture_buffer_object GL_AMD_texture_texture4 GL_ARB_copy_buffer GL_ARB_depth_buffer_float GL_ARB_draw_instanced GL_ARB_half_float_vertex GL_ARB_instanced_arrays GL_ARB_map_buffer_range GL_ARB_texture_buffer_object GL_ARB_texture_rg GL_ARB_texture_swizzle GL_ARB_vertex_array_bgra GL_EXT_texture_swizzle GL_EXT_vertex_array_bgra GL_NV_conditional_render GL_AMD_conservative_depth GL_AMD_draw_buffers_blend GL_ARB_ES2_compatibility GL_ARB_blend_func_extended GL_ARB_compatibility GL_ARB_debug_output GL_ARB_draw_buffers_blend GL_ARB_draw_elements_base_vertex GL_ARB_explicit_attrib_location GL_ARB_fragment_coord_conventions GL_ARB_provoking_vertex GL_ARB_sample_shading GL_ARB_sampler_objects GL_ARB_seamless_cube_map GL_ARB_shader_texture_lod GL_ARB_texture_buffer_object_rgb32 GL_ARB_texture_cube_map_array GL_ARB_texture_gather GL_ARB_texture_multisample GL_ARB_texture_query_lod GL_ARB_texture_rgb10_a2ui GL_ARB_uniform_buffer_object GL_ARB_vertex_type_2_10_10_10_rev GL_EXT_provoking_vertex GL_EXT_texture_snorm GL_MESA_texture_signed_rgba GL_NV_copy_image GL_ARB_draw_indirect GL_ARB_get_program_binary GL_ARB_robustness GL_ARB_separate_shader_objects GL_ARB_shader_bit_encoding GL_ARB_shader_subroutine GL_ARB_timer_query GL_ARB_transform_feedback2 GL_ARB_transform_feedback3 GL_ARB_viewport_array GL_EXT_direct_state_access GL_AMD_multi_draw_indirect GL_ANGLE_texture_compression_dxt3 GL_ANGLE_texture_compression_dxt5 GL_ARB_compressed_texture_pixel_storage GL_ARB_conservative_depth GL_ARB_internalformat_query GL_ARB_map_buffer_alignment GL_ARB_shading_language_420pack GL_ARB_shading_language_packing GL_ARB_texture_storage GL_ARB_transform_feedback_instanced GL_EXT_framebuffer_multisample_blit_scaled GL_EXT_transform_feedback GL_AMD_shader_trinary_minmax GL_ARB_ES3_compatibility GL_ARB_arrays_of_arrays GL_ARB_clear_buffer_object GL_ARB_explicit_uniform_location GL_ARB_fragment_layer_viewport GL_ARB_invalidate_subdata GL_ARB_multi_draw_indirect GL_ARB_program_interface_query GL_ARB_texture_query_levels GL_ARB_texture_storage_multisample GL_ARB_vertex_attrib_binding GL_KHR_debug GL_KHR_texture_compression_astc_ldr GL_ARB_internalformat_query2 GL_ARB_multi_bind GL_ARB_shading_language_include GL_ARB_texture_mirror_clamp_to_edge GL_EXT_shader_integer_mix GL_ARB_direct_state_access GL_ARB_get_texture_sub_image GL_KHR_context_flush_control GL_ARB_parallel_shader_compile GL_KHR_no_error GL_KHR_texture_compression_astc_sliced_3d GL_MESA_shader_integer_functions GL_KHR_parallel_shader_compile GL_EXT_EGL_image_storage GL_EXT_EGL_sync 
20:02:50: Supported GLX extensions: GLX_ARB_create_context GLX_ARB_create_context_no_error GLX_ARB_create_context_profile GLX_ARB_fbconfig_float GLX_ARB_framebuffer_sRGB GLX_ARB_get_proc_address GLX_ARB_multisample GLX_EXT_buffer_age GLX_EXT_create_context_es2_profile GLX_EXT_create_context_es_profile GLX_EXT_fbconfig_packed_float GLX_EXT_framebuffer_sRGB GLX_EXT_import_context GLX_EXT_no_config_context GLX_EXT_swap_control GLX_EXT_swap_control_tear GLX_EXT_texture_from_pixmap GLX_EXT_visual_info GLX_EXT_visual_rating GLX_INTEL_swap_event GLX_MESA_copy_sub_buffer GLX_MESA_query_renderer GLX_MESA_swap_control GLX_OML_swap_method GLX_OML_sync_control GLX_SGIS_multisample GLX_SGIX_fbconfig GLX_SGIX_pbuffer GLX_SGIX_visual_select_group GLX_SGI_make_current_read GLX_SGI_swap_control GLX_SGI_video_sync 
20:02:50: ***************************
20:02:50: *** GL Renderer Started ***
20:02:50: ***************************
20:02:50: Registering ResourceManager for type GpuProgram
20:02:50: GLSL support detected
20:02:50: GL: Using GL_EXT_framebuffer_object for rendering to textures (best)
20:02:50: FBO PF_UNKNOWN depth/stencil support: D0S1 D0S4 D0S8 D0S16 D16S0 D24S0 D32S0 Packed-D24S8 
20:02:50: FBO PF_L8 depth/stencil support: D0S0 D0S1 D0S4 D0S8 D0S16 D16S0 D24S0 D32S0 Packed-D24S8 
20:02:50: FBO PF_L16 depth/stencil support: D0S0 D0S1 D0S4 D0S8 D0S16 D16S0 D24S0 D32S0 Packed-D24S8 
20:02:50: FBO PF_A8 depth/stencil support: D0S0 D0S1 D0S4 D0S8 D0S16 D16S0 D24S0 D32S0 Packed-D24S8 
20:02:50: FBO PF_A4L4 depth/stencil support: D0S0 D0S1 D0S4 D0S8 D0S16 D16S0 D24S0 D32S0 Packed-D24S8 
20:02:50: FBO PF_BYTE_LA depth/stencil support: D0S0 D0S1 D0S4 D0S8 D0S16 D16S0 D24S0 D32S0 Packed-D24S8 
20:02:50: FBO PF_R5G6B5 depth/stencil support: D0S0 D0S1 D0S4 D0S8 D0S16 D16S0 D24S0 D32S0 Packed-D24S8 
20:02:50: FBO PF_B5G6R5 depth/stencil support: D0S0 D0S1 D0S4 D0S8 D0S16 D16S0 D24S0 D32S0 Packed-D24S8 
20:02:50: FBO PF_A4R4G4B4 depth/stencil support: D0S0 D0S1 D0S4 D0S8 D0S16 D16S0 D24S0 D32S0 Packed-D24S8 
20:02:50: FBO PF_A1R5G5B5 depth/stencil support: D0S0 D0S1 D0S4 D0S8 D0S16 D16S0 D24S0 D32S0 Packed-D24S8 
20:02:50: FBO PF_R8G8B8 depth/stencil support: D0S0 D0S1 D0S4 D0S8 D0S16 D16S0 D24S0 D32S0 Packed-D24S8 
20:02:50: FBO PF_B8G8R8 depth/stencil support: D0S0 D0S1 D0S4 D0S8 D0S16 D16S0 D24S0 D32S0 Packed-D24S8 
20:02:50: FBO PF_A8R8G8B8 depth/stencil support: D0S0 D0S1 D0S4 D0S8 D0S16 D16S0 D24S0 D32S0 Packed-D24S8 
20:02:50: FBO PF_B8G8R8A8 depth/stencil support: D0S0 D0S1 D0S4 D0S8 D0S16 D16S0 D24S0 D32S0 Packed-D24S8 
20:02:50: FBO PF_A2R10G10B10 depth/stencil support: D0S0 D0S1 D0S4 D0S8 D0S16 D16S0 D24S0 D32S0 Packed-D24S8 
20:02:50: FBO PF_A2B10G10R10 depth/stencil support: D0S0 D0S1 D0S4 D0S8 D0S16 D16S0 D24S0 D32S0 Packed-D24S8 
20:02:50: FBO PF_FLOAT16_RGB depth/stencil support: D0S0 D0S1 D0S4 D0S8 D0S16 D16S0 D24S0 D32S0 Packed-D24S8 
20:02:50: FBO PF_FLOAT16_RGBA depth/stencil support: D0S0 D0S1 D0S4 D0S8 D0S16 D16S0 D24S0 D32S0 Packed-D24S8 
20:02:50: FBO PF_FLOAT32_RGB depth/stencil support: D0S0 D0S1 D0S4 D0S8 D0S16 D16S0 D24S0 D32S0 Packed-D24S8 
20:02:50: FBO PF_FLOAT32_RGBA depth/stencil support: D0S0 D0S1 D0S4 D0S8 D0S16 D16S0 D24S0 D32S0 Packed-D24S8 
20:02:50: FBO PF_X8R8G8B8 depth/stencil support: D0S0 D0S1 D0S4 D0S8 D0S16 D16S0 D24S0 D32S0 Packed-D24S8 
20:02:50: FBO PF_X8B8G8R8 depth/stencil support: D0S0 D0S1 D0S4 D0S8 D0S16 D16S0 D24S0 D32S0 Packed-D24S8 
20:02:50: FBO PF_SHORT_RGBA depth/stencil support: D0S0 D0S1 D0S4 D0S8 D0S16 D16S0 D24S0 D32S0 Packed-D24S8 
20:02:50: FBO PF_R3G3B2 depth/stencil support: D0S0 D0S1 D0S4 D0S8 D0S16 D16S0 D24S0 D32S0 Packed-D24S8 
20:02:50: FBO PF_FLOAT16_R depth/stencil support: D0S0 D0S1 D0S4 D0S8 D0S16 D16S0 D24S0 D32S0 Packed-D24S8 
20:02:50: FBO PF_FLOAT32_R depth/stencil support: D0S0 D0S1 D0S4 D0S8 D0S16 D16S0 D24S0 D32S0 Packed-D24S8 
20:02:50: FBO PF_SHORT_GR depth/stencil support: D0S0 D0S1 D0S4 D0S8 D0S16 D16S0 D24S0 D32S0 Packed-D24S8 
20:02:50: FBO PF_FLOAT16_GR depth/stencil support: D0S0 D0S1 D0S4 D0S8 D0S16 D16S0 D24S0 D32S0 Packed-D24S8 
20:02:50: FBO PF_FLOAT32_GR depth/stencil support: D0S0 D0S1 D0S4 D0S8 D0S16 D16S0 D24S0 D32S0 Packed-D24S8 
20:02:50: FBO PF_SHORT_RGB depth/stencil support: D0S0 D0S1 D0S4 D0S8 D0S16 D16S0 D24S0 D32S0 Packed-D24S8 
20:02:50: [GL] : Valid FBO targets PF_UNKNOWN PF_L8 PF_L16 PF_A8 PF_A4L4 PF_BYTE_LA PF_R5G6B5 PF_B5G6R5 PF_A4R4G4B4 PF_A1R5G5B5 PF_R8G8B8 PF_B8G8R8 PF_A8R8G8B8 PF_B8G8R8A8 PF_A2R10G10B10 PF_A2B10G10R10 PF_FLOAT16_RGB PF_FLOAT16_RGBA PF_FLOAT32_RGB PF_FLOAT32_RGBA PF_X8R8G8B8 PF_X8B8G8R8 PF_SHORT_RGBA PF_R3G3B2 PF_FLOAT16_R PF_FLOAT32_R PF_SHORT_GR PF_FLOAT16_GR PF_FLOAT32_GR PF_SHORT_RGB 
20:02:50: RenderSystem capabilities
20:02:50: -------------------------
20:02:50: RenderSystem Name: OpenGL Rendering Subsystem
20:02:50: GPU Vendor: unknown
20:02:50: Device Name: virgl (AMD Radeon Pro 5500M OpenGL Engine (Compat))
20:02:50: Driver Version: 3.1.0.0
20:02:50:  * Fixed function pipeline: yes
20:02:50:  * Hardware generation of mipmaps: yes
20:02:50:  * Texture blending: yes
20:02:50:  * Anisotropic texture filtering: no
20:02:50:  * Dot product texture operation: yes
20:02:50:  * Cube mapping: yes
20:02:50:  * Hardware stencil buffer: yes
20:02:50:    - Stencil depth: 8
20:02:50:    - Two sided stencil support: yes
20:02:50:    - Wrap stencil values: yes
20:02:50:  * Hardware vertex / index buffers: yes
20:02:50:  * Vertex programs: yes
20:02:50:  * Number of floating-point constants for vertex programs: 2048
20:02:50:  * Number of integer constants for vertex programs: 0
20:02:50:  * Number of boolean constants for vertex programs: 0
20:02:50:  * Fragment programs: yes
20:02:50:  * Number of floating-point constants for fragment programs: 2048
20:02:50:  * Number of integer constants for fragment programs: 0
20:02:50:  * Number of boolean constants for fragment programs: 0
20:02:50:  * Geometry programs: no
20:02:50:  * Number of floating-point constants for geometry programs: 0
20:02:50:  * Number of integer constants for geometry programs: 52
20:02:50:  * Number of boolean constants for geometry programs: 0
20:02:50:  * Tesselation Hull programs: no
20:02:50:  * Number of floating-point constants for tesselation hull programs: 1
20:02:50:  * Number of integer constants for tesselation hull programs: 0
20:02:50:  * Number of boolean constants for tesselation hull programs: 0
20:02:50:  * Tesselation Domain programs: no
20:02:50:  * Number of floating-point constants for tesselation domain programs: 0
20:02:50:  * Number of integer constants for tesselation domain programs: 52
20:02:50:  * Number of boolean constants for tesselation domain programs: 0
20:02:50:  * Compute programs: no
20:02:50:  * Number of floating-point constants for compute programs: 0
20:02:50:  * Number of integer constants for compute programs: 0
20:02:50:  * Number of boolean constants for compute programs: 0
20:02:50:  * Supported Shader Profiles: arbfp1 arbvp1 glsl ps_1_1 ps_1_2 ps_1_3 ps_1_4
20:02:50:  * Texture Compression: yes
20:02:50:    - DXT: yes
20:02:50:    - VTC: no
20:02:50:    - PVRTC: no
20:02:50:    - ATC: no
20:02:50:    - ETC1: no
20:02:50:    - ETC2: no
20:02:50:    - BC4/BC5: no
20:02:50:    - BC6H/BC7: no
20:02:50:  * Scissor Rectangle: yes
20:02:50:  * Hardware Occlusion Query: yes
20:02:50:  * User clip planes: yes
20:02:50:  * VET_UBYTE4 vertex element type: yes
20:02:50:  * Infinite far plane projection: yes
20:02:50:  * Hardware render-to-texture: yes
20:02:50:  * Floating point textures: yes
20:02:50:  * Non-power-of-two textures: yes
20:02:50:  * 1d textures: yes
20:02:50:  * Volume textures: yes
20:02:50:  * Multiple Render Targets: 8
20:02:50:    - With different bit depths: yes
20:02:50:  * Point Sprites: yes
20:02:50:  * Extended point parameters: yes
20:02:50:  * Max Point Size: 8191
20:02:50:  * Vertex texture fetch: yes
20:02:50:  * Number of world matrices: 0
20:02:50:  * Number of texture units: 16
20:02:50:  * Stencil buffer depth: 8
20:02:50:  * Number of vertex blend matrices: 0
20:02:50:    - Max vertex textures: 16
20:02:50:    - Vertex textures shared: yes
20:02:50:  * Render to Vertex Buffer : no
20:02:50:  * Hardware Atomic Counters: no
20:02:50:  * GL 1.5 without VBO workaround: no
20:02:50:  * Frame Buffer objects: yes
20:02:50:  * Frame Buffer objects (ARB extension): no
20:02:50:  * Frame Buffer objects (ATI extension): no
20:02:50:  * PBuffer support: yes
20:02:50:  * GL 1.5 without HW-occlusion workaround: no
20:02:50:  * Vertex Array Objects: no
20:02:50:  * Separate shader objects: no
20:02:50: Using FSAA from GL_ARB_multisample extension.
20:02:50: DefaultWorkQueue('Root') initialising on thread 7fd6d9479ec0.
20:02:50: DefaultWorkQueue('Root')::WorkerFunc - thread 7fd686006700 starting.
20:02:50: DefaultWorkQueue('Root')::WorkerFunc - thread 7fd685805700 starting.
20:02:50: Particle Renderer Type 'billboard' registered
20:02:50: SceneManagerFactory for type 'BspSceneManager' registered.
20:02:50: Registering ResourceManager for type BspLevel
20:02:50: SceneManagerFactory for type 'OctreeSceneManager' registered.
20:02:50: Parsing scripts for resource group Animations
20:02:50: Finished parsing scripts for resource group Animations
20:02:50: Creating resources for group Animations
20:02:50: All done
20:02:50: Parsing scripts for resource group Autodetect
20:02:50: Finished parsing scripts for resource group Autodetect
20:02:50: Creating resources for group Autodetect
20:02:50: All done
20:02:50: Parsing scripts for resource group Fonts
20:02:50: Parsing script Gazebo.fontdef
20:02:50: Finished parsing scripts for resource group Fonts
20:02:50: Creating resources for group Fonts
20:02:50: All done
20:02:50: Parsing scripts for resource group General
20:02:50: Parsing script shadow_caster_ignore_heightmap.program
20:02:50: Parsing script VPL.program
20:02:50: Parsing script shadow_caster.program
20:02:50: Parsing script StdQuad_vp.program
20:02:50: Parsing script perpixel.program
20:02:50: Parsing script ShadowCaster.program
20:02:50: Parsing script deferred_post.program
20:02:50: Parsing script SSAOPost.material
20:02:50: Parsing script deferred_post_minilight.material
20:02:50: Parsing script blur.material
20:02:50: Parsing script oculus.material
20:02:50: Parsing script ssao.material
20:02:50: Parsing script Modulate.material
20:02:50: Parsing script spotlight_shadow_demo.material
20:02:50: Parsing script grid.material
20:02:50: Parsing script gazebo.material
20:02:50: DefaultWorkQueue('Root')::WorkerFunc - thread 7fd685004700 starting.
20:02:50: DefaultWorkQueue('Root')::WorkerFunc - thread 7fd684803700 starting.
20:02:50: Parsing script deform.material
20:02:50: Parsing script deferred_post.material
20:02:50: Parsing script picker.material
20:02:50: Parsing script GBuffer.material
20:02:50: Parsing script CreaseShading.material
20:02:50: Parsing script point_light_shadow_demo.material
20:02:50: Parsing script ShadowCaster.material
20:02:50: Parsing script kitchen.material
20:02:50: Parsing script VPL.material
20:02:50: Parsing script lens_flare.compositor
20:02:50: Parsing script CreaseShading.compositor
20:02:50: Parsing script noise.compositor
20:02:50: Parsing script SSAOPost.compositor
20:02:50: Parsing script WideCameraLensMap.compositor
20:02:50: Parsing script deferred.compositor
20:02:50: Parsing script ssao.compositor
20:02:50: Parsing script distortion.compositor
20:02:50: Parsing script blur.compositor
20:02:50: Finished parsing scripts for resource group General
20:02:50: Creating resources for group General
20:02:50: All done
20:02:50: Parsing scripts for resource group Imagesets
20:02:50: Finished parsing scripts for resource group Imagesets
20:02:50: Creating resources for group Imagesets
20:02:50: All done
20:02:50: Parsing scripts for resource group Internal
20:02:50: Finished parsing scripts for resource group Internal
20:02:50: Creating resources for group Internal
20:02:50: All done
20:02:50: Parsing scripts for resource group Layouts
20:02:50: Finished parsing scripts for resource group Layouts
20:02:50: Creating resources for group Layouts
20:02:50: All done
20:02:50: Parsing scripts for resource group LookNFeel
20:02:50: Finished parsing scripts for resource group LookNFeel
20:02:50: Creating resources for group LookNFeel
20:02:50: All done
20:02:50: Parsing scripts for resource group Schemes
20:02:50: Finished parsing scripts for resource group Schemes
20:02:50: Creating resources for group Schemes
20:02:50: All done
20:02:50: Parsing scripts for resource group SkyX
20:02:50: Parsing script SkyX.material
20:02:50: Finished parsing scripts for resource group SkyX
20:02:50: Creating resources for group SkyX
20:02:50: All done
20:02:50: Added resource location '/usr/share/gazebo-11/media/rtshaderlib/' of type 'FileSystem' to resource group 'General'
20:02:50: Creating resource group ShaderGeneratorResourceGroup
20:02:50: Added resource location '/tmp/gazebo-hassanwaris-rtshaderlibcache/' of type 'FileSystem' to resource group 'ShaderGeneratorResourceGroup'
20:02:52: Texture: SkyX_Starfield.png: Loading 1 faces(PF_A8R8G8B8,512x512x1) with 5 hardware generated mipmaps from Image. Internal format is PF_A8R8G8B8,512x512x1.
20:02:52: Texture: SkyX_Moon.png: Loading 1 faces(PF_A8R8G8B8,512x512x1) with 5 hardware generated mipmaps from Image. Internal format is PF_A8R8G8B8,512x512x1.
20:02:52: Texture: SkyX_MoonHalo.png: Loading 1 faces(PF_SHORT_RGBA,512x256x1) with 5 hardware generated mipmaps from Image. Internal format is PF_SHORT_RGBA,512x256x1.
20:02:52: Texture: Noise.jpg: Loading 1 faces(PF_R8G8B8,1024x1024x1) with 5 hardware generated mipmaps from Image. Internal format is PF_X8R8G8B8,1024x1024x1.
20:02:54: GLRenderSystem::_createRenderWindow "OgreWindow(1)", 1102x367 windowed  miscParams: FSAA=4 contentScalingFactor=1.000000 macAPI=cocoa macAPICocoaUseNSView=true parentWindowHandle=39845941 stereoMode=Fram20:09:44: Unregistering ResourceManager for type Font
20:09:44: DefaultWorkQueue('Root') shutting down on thread 7fe073e65f00.
20:09:44: DefaultWorkQueue('Root')::WorkerFunc - thread 7fe0527fc700 stopped.
20:09:44: DefaultWorkQueue('Root')::WorkerFunc - thread 7fe052ffd700 stopped.
20:09:44: DefaultWorkQueue('Root')::WorkerFunc - thread 7fe051ffb700 stopped.
20:09:44: DefaultWorkQueue('Root')::WorkerFunc - thread 7fe0537fe700 stopped.
20:09:44: Unregistering ResourceManager for type BspLevel
20:09:44: *-*-* OGRE Shutdown
20:09:44: Unregistering ResourceManager for type Compositor
20:09:44: Unregistering ResourceManager for type Skeleton
20:09:44: Unregistering ResourceManager for type Mesh
20:09:44: Unregistering ResourceManager for type HighLevelGpuProgram
20:09:44: Uninstalling plugin: Octree Scene Manager
20:09:44: Plugin successfully uninstalled
20:09:44: Unloading library /usr/lib/x86_64-linux-gnu/OGRE-1.9.0/Plugin_OctreeSceneManager.so
20:09:44: Uninstalling plugin: BSP Scene Manager
20:09:44: Plugin successfully uninstalled
20:09:44: Unloading library /usr/lib/x86_64-linux-gnu/OGRE-1.9.0/Plugin_BSPSceneManager.so
20:09:44: Uninstalling plugin: ParticleFX
20:09:44: Plugin successfully uninstalled
20:09:44: Unloading library /usr/lib/x86_64-linux-gnu/OGRE-1.9.0/Plugin_ParticleFX.so
20:09:44: Uninstalling plugin: GL RenderSystem
20:09:44: Unregistering ResourceManager for type GpuProgram
20:09:44: ******************************
*** Stopping GLX Subsystem ***
******************************
20:09:44: Unregistering ResourceManager for type Texture
20:09:44: Plugin successfully uninstalled
20:09:44: Unloading library /usr/lib/x86_64-linux-gnu/OGRE-1.9.0/RenderSystem_GL.so
20:09:44: Unregistering ResourceManager for type Material

20:09:39: Uninstalling plugin: ParticleFX
20:09:39: Plugin successfully uninstalled
20:09:39: Unloading library /usr/lib/x86_64-linux-gnu/OGRE-1.9.0/Plugin_ParticleFX.so
20:09:39: Uninstalling plugin: GL RenderSystem
20:09:39: Unregistering ResourceManager for type GpuProgram
20:09:39: ******************************
*** Stopping GLX Subsystem ***
******************************
20:09:39: Unregistering ResourceManager for type Texture
20:09:39: Plugin successfully uninstalled
20:09:39: Unloading library /usr/lib/x86_64-linux-gnu/OGRE-1.9.0/RenderSystem_GL.so
20:09:39: Unregistering ResourceManager for type Material
